# JRE version: OpenJDK Runtime Environment Microsoft-10800295 (17.0.14+7) (build 17.0.14+7-LTS)
# Java VM: OpenJDK 64-Bit Server VM Microsoft-10800295 (17.0.14+7-LTS, mixed mode, sharing, tiered, compressed oops, compressed class ptrs, g1 gc, windows-amd64)
GC Precious Log:
 CPUs: 8 total, 8 available
 Memory: 16233M
 Large Page Support: Disabled
 NUMA Support: Disabled
 Compressed Oops: Enabled (Zero based)
 Heap Region Size: 2M
 Heap Min Capacity: 8M
 Heap Initial Capacity: 254M
 Heap Max Capacity: 4060M
 Pre-touch: Disabled
 Parallel Workers: 8
 Concurrent Workers: 2
 Concurrent Refinement Workers: 8
 Periodic GC: Disabled
Heap:
 garbage-first heap   total 83968K, used 54834K [0x0000000702400000, 0x0000000800000000)
  region size 2048K, 7 young (14336K), 1 survivors (2048K)
 Metaspace       used 88036K, committed 88704K, reserved 1179648K
  class space    used 12372K, committed 12672K, reserved 1048576K
GC Heap History (20 events):
Event: 9.048 GC heap before
{Heap before GC invocations=19 (full 0):
 garbage-first heap   total 61440K, used 45301K [0x0000000702400000, 0x0000000800000000)
  region size 2048K, 10 young (20480K), 2 survivors (4096K)
 Metaspace       used 66534K, committed 67136K, reserved 1114112K
  class space    used 9098K, committed 9408K, reserved 1048576K
}
Event: 9.053 GC heap after
{Heap after GC invocations=20 (full 0):
 garbage-first heap   total 61440K, used 32381K [0x0000000702400000, 0x0000000800000000)
  region size 2048K, 2 young (4096K), 2 survivors (4096K)
 Metaspace       used 66534K, committed 67136K, reserved 1114112K
  class space    used 9098K, committed 9408K, reserved 1048576K
}
Event: 9.430 GC heap before
{Heap before GC invocations=20 (full 0):
 garbage-first heap   total 61440K, used 48765K [0x0000000702400000, 0x0000000800000000)
  region size 2048K, 10 young (20480K), 2 survivors (4096K)
 Metaspace       used 68956K, committed 69632K, reserved 1114112K
  class space    used 9389K, committed 9728K, reserved 1048576K
}
Event: 9.436 GC heap after
{Heap after GC invocations=21 (full 0):
 garbage-first heap   total 61440K, used 34067K [0x0000000702400000, 0x0000000800000000)
  region size 2048K, 2 young (4096K), 2 survivors (4096K)
 Metaspace       used 68956K, committed 69632K, reserved 1114112K
  class space    used 9389K, committed 9728K, reserved 1048576K
}
Event: 9.775 GC heap before
{Heap before GC invocations=22 (full 0):
 garbage-first heap   total 69632K, used 46355K [0x0000000702400000, 0x0000000800000000)
  region size 2048K, 8 young (16384K), 2 survivors (4096K)
 Metaspace       used 71173K, committed 71744K, reserved 1114112K
  class space    used 9742K, committed 9984K, reserved 1048576K
}
Event: 9.778 GC heap after
{Heap after GC invocations=23 (full 0):
 garbage-first heap   total 69632K, used 35763K [0x0000000702400000, 0x0000000800000000)
  region size 2048K, 1 young (2048K), 1 survivors (2048K)
 Metaspace       used 71173K, committed 71744K, reserved 1114112K
  class space    used 9742K, committed 9984K, reserved 1048576K
}
Event: 9.989 GC heap before
{Heap before GC invocations=23 (full 0):
 garbage-first heap   total 69632K, used 54195K [0x0000000702400000, 0x0000000800000000)
  region size 2048K, 10 young (20480K), 1 survivors (2048K)
 Metaspace       used 73057K, committed 73664K, reserved 1114112K
  class space    used 10049K, committed 10304K, reserved 1048576K
}
Event: 9.992 GC heap after
{Heap after GC invocations=24 (full 0):
 garbage-first heap   total 69632K, used 36908K [0x0000000702400000, 0x0000000800000000)
  region size 2048K, 2 young (4096K), 2 survivors (4096K)
 Metaspace       used 73057K, committed 73664K, reserved 1114112K
  class space    used 10049K, committed 10304K, reserved 1048576K
}
Event: 10.143 GC heap before
{Heap before GC invocations=25 (full 0):
 garbage-first heap   total 69632K, used 53292K [0x0000000702400000, 0x0000000800000000)
  region size 2048K, 10 young (20480K), 2 survivors (4096K)
 Metaspace       used 73952K, committed 74560K, reserved 1114112K
  class space    used 10311K, committed 10560K, reserved 1048576K
}
Event: 10.146 GC heap after
{Heap after GC invocations=26 (full 0):
 garbage-first heap   total 69632K, used 37756K [0x0000000702400000, 0x0000000800000000)
  region size 2048K, 2 young (4096K), 2 survivors (4096K)
 Metaspace       used 73952K, committed 74560K, reserved 1114112K
  class space    used 10311K, committed 10560K, reserved 1048576K
}
Event: 10.350 GC heap before
{Heap before GC invocations=26 (full 0):
 garbage-first heap   total 69632K, used 50044K [0x0000000702400000, 0x0000000800000000)
  region size 2048K, 9 young (18432K), 2 survivors (4096K)
 Metaspace       used 75324K, committed 75904K, reserved 1114112K
  class space    used 10509K, committed 10752K, reserved 1048576K
}
Event: 10.352 GC heap after
{Heap after GC invocations=27 (full 0):
 garbage-first heap   total 83968K, used 38130K [0x0000000702400000, 0x0000000800000000)
  region size 2048K, 2 young (4096K), 2 survivors (4096K)
 Metaspace       used 75324K, committed 75904K, reserved 1114112K
  class space    used 10509K, committed 10752K, reserved 1048576K
}
Event: 10.951 GC heap before
{Heap before GC invocations=28 (full 0):
 garbage-first heap   total 83968K, used 64754K [0x0000000702400000, 0x0000000800000000)
  region size 2048K, 15 young (30720K), 2 survivors (4096K)
 Metaspace       used 77869K, committed 78464K, reserved 1179648K
  class space    used 10879K, committed 11136K, reserved 1048576K
}
Event: 10.956 GC heap after
{Heap after GC invocations=29 (full 0):
 garbage-first heap   total 83968K, used 40151K [0x0000000702400000, 0x0000000800000000)
  region size 2048K, 2 young (4096K), 2 survivors (4096K)
 Metaspace       used 77869K, committed 78464K, reserved 1179648K
  class space    used 10879K, committed 11136K, reserved 1048576K
}
Event: 11.549 GC heap before
{Heap before GC invocations=29 (full 0):
 garbage-first heap   total 83968K, used 64727K [0x0000000702400000, 0x0000000800000000)
  region size 2048K, 14 young (28672K), 2 survivors (4096K)
 Metaspace       used 80659K, committed 81280K, reserved 1179648K
  class space    used 11297K, committed 11584K, reserved 1048576K
}
Event: 11.554 GC heap after
{Heap after GC invocations=30 (full 0):
 garbage-first heap   total 83968K, used 42855K [0x0000000702400000, 0x0000000800000000)
  region size 2048K, 2 young (4096K), 2 survivors (4096K)
 Metaspace       used 80659K, committed 81280K, reserved 1179648K
  class space    used 11297K, committed 11584K, reserved 1048576K
}
Event: 138.801 GC heap before
{Heap before GC invocations=31 (full 0):
 garbage-first heap   total 83968K, used 65383K [0x0000000702400000, 0x0000000800000000)
  region size 2048K, 13 young (26624K), 2 survivors (4096K)
 Metaspace       used 81390K, committed 81984K, reserved 1179648K
  class space    used 11394K, committed 11648K, reserved 1048576K
}
Event: 138.806 GC heap after
{Heap after GC invocations=32 (full 0):
 garbage-first heap   total 83968K, used 43277K [0x0000000702400000, 0x0000000800000000)
  region size 2048K, 1 young (2048K), 1 survivors (2048K)
 Metaspace       used 81390K, committed 81984K, reserved 1179648K
  class space    used 11394K, committed 11648K, reserved 1048576K
}
Event: 143.593 GC heap before
{Heap before GC invocations=32 (full 0):
 garbage-first heap   total 83968K, used 61709K [0x0000000702400000, 0x0000000800000000)
  region size 2048K, 11 young (22528K), 1 survivors (2048K)
 Metaspace       used 86227K, committed 86848K, reserved 1179648K
  class space    used 12077K, committed 12352K, reserved 1048576K
}
Event: 143.600 GC heap after
{Heap after GC invocations=33 (full 0):
 garbage-first heap   total 83968K, used 44594K [0x0000000702400000, 0x0000000800000000)
  region size 2048K, 1 young (2048K), 1 survivors (2048K)
 Metaspace       used 86227K, committed 86848K, reserved 1179648K
  class space    used 12077K, committed 12352K, reserved 1048576K
}

